<?xml version="1.0" encoding="UTF-8"?>
<!-- Generated by org.testng.reporters.JUnitReportReporter -->
<testsuite hostname="vicky" failures="0" tests="1" name="com.crm.test.TestClass5" time="0.027" errors="0" timestamp="2023-02-03T20:47:44 IST" skipped="0">
  <testcase classname="com.crm.test.TestClass5" name="logTrial" time="0.027"/>
  <system-out/>
</testsuite> <!-- com.crm.test.TestClass5 -->
