<?xml version="1.0" encoding="UTF-8"?>
<!-- Generated by org.testng.reporters.JUnitReportReporter -->
<testsuite hostname="vicky" failures="0" tests="1" name="com.recruitcrmsnehal.base.TestBase" time="14.754" errors="0" timestamp="2023-02-02T07:11:53 IST" skipped="0">
  <testcase classname="com.recruitcrmsnehal.base.TestBase" name="m1" time="14.754"/>
  <system-out/>
</testsuite> <!-- com.recruitcrmsnehal.base.TestBase -->
