<?xml version="1.0" encoding="UTF-8"?>
<!-- Generated by org.testng.reporters.JUnitReportReporter -->
<testsuite hostname="vicky" failures="0" tests="1" name="com.crm.test.TestClass3" time="33.164" errors="0" timestamp="2023-02-02T20:16:14 IST" skipped="0">
  <testcase classname="com.crm.test.TestClass3" name="scrollOnBottom" time="33.164"/>
  <system-out/>
</testsuite> <!-- com.crm.test.TestClass3 -->
