<?xml version="1.0" encoding="UTF-8"?>
<!-- Generated by org.testng.reporters.JUnitReportReporter -->
<testsuite hostname="vicky" failures="0" tests="1" name="com.recruitcrmsnehal.test.TestClass" time="11.450" errors="0" timestamp="01 Feb 2023 19:45:54 GMT" skipped="0">
  <testcase classname="com.recruitcrmsnehal.test.TestClass" name="loginEnter" time="11.450"/>
</testsuite> <!-- com.recruitcrmsnehal.test.TestClass -->
