<?xml version="1.0" encoding="UTF-8"?>
<!-- Generated by org.testng.reporters.JUnitReportReporter -->
<testsuite hostname="vicky" failures="0" tests="1" name="com.crm.test.TestClass" time="11.146" errors="0" timestamp="01 Feb 2023 20:13:21 GMT" skipped="0">
  <testcase classname="com.crm.test.TestClass" name="loginEnter" time="11.146"/>
</testsuite> <!-- com.crm.test.TestClass -->
