<?xml version="1.0" encoding="UTF-8"?>
<!-- Generated by org.testng.reporters.JUnitReportReporter -->
<testsuite hostname="vicky" failures="0" tests="1" name="com.crm.test.TestClass4" time="24.121" errors="0" timestamp="2023-02-03T01:20:40 IST" skipped="0">
  <testcase classname="com.crm.test.TestClass4" name="appliedDropDownSelect" time="24.121"/>
  <system-out/>
</testsuite> <!-- com.crm.test.TestClass4 -->
